<?xml version="1.0" encoding="UTF-8"?>
<testng-results skipped="0" failed="0" ignored="0" total="2" passed="2">
  <reporter-output>
  </reporter-output>
  <suite name="Suite" duration-ms="55950" started-at="2017-05-06T19:02:12Z" finished-at="2017-05-06T19:03:08Z">
    <groups>
    </groups>
    <test name="Test" duration-ms="55950" started-at="2017-05-06T19:02:12Z" finished-at="2017-05-06T19:03:08Z">
      <class name="com.ttn.doTrips.test.SampleTest">
        <test-method status="PASS" signature="beforeSuite()[pri:0, instance:com.ttn.doTrips.test.SampleTest@234bef66]" name="beforeSuite" is-config="true" duration-ms="427" started-at="2017-05-07T00:32:12Z" finished-at="2017-05-07T00:32:12Z">
          <reporter-output>
          </reporter-output>
        </test-method> <!-- beforeSuite -->
        <test-method status="PASS" signature="setup()[pri:0, instance:com.ttn.doTrips.test.SampleTest@234bef66]" name="setup" is-config="true" duration-ms="13808" started-at="2017-05-07T00:32:12Z" finished-at="2017-05-07T00:32:26Z">
          <reporter-output>
          </reporter-output>
        </test-method> <!-- setup -->
        <test-method status="PASS" signature="teknosa_test1()[pri:0, instance:com.ttn.doTrips.test.SampleTest@234bef66]" name="teknosa_test1" duration-ms="22117" started-at="2017-05-07T00:32:26Z" finished-at="2017-05-07T00:32:48Z">
          <reporter-output>
          </reporter-output>
        </test-method> <!-- teknosa_test1 -->
        <test-method status="PASS" signature="teknosa_test2()[pri:0, instance:com.ttn.doTrips.test.SampleTest@234bef66]" name="teknosa_test2" duration-ms="17386" started-at="2017-05-07T00:32:48Z" finished-at="2017-05-07T00:33:06Z">
          <reporter-output>
          </reporter-output>
        </test-method> <!-- teknosa_test2 -->
        <test-method status="PASS" signature="shutdown()[pri:0, instance:com.ttn.doTrips.test.SampleTest@234bef66]" name="shutdown" is-config="true" duration-ms="2615" started-at="2017-05-07T00:33:06Z" finished-at="2017-05-07T00:33:08Z">
          <reporter-output>
          </reporter-output>
        </test-method> <!-- shutdown -->
      </class> <!-- com.ttn.doTrips.test.SampleTest -->
    </test> <!-- Test -->
  </suite> <!-- Suite -->
</testng-results>
